This file contains any messages produced by compilers while
running configure, to aid debugging if configure makes a mistake.

It was created by SoDa configure 2.2, which was
generated by GNU Autoconf 2.69.  Invocation command line was

  $ ./configure --with-boost-libdir=/usr/lib/x86_64-linux-gnu/

## --------- ##
## Platform. ##
## --------- ##

hostname = hope-X9SCI-X9SCA
uname -m = x86_64
uname -r = 3.13.0-32-generic
uname -s = Linux
uname -v = #57-Ubuntu SMP Tue Jul 15 03:51:08 UTC 2014

/usr/bin/uname -p = unknown
/bin/uname -X     = unknown

/bin/arch              = unknown
/usr/bin/arch -k       = unknown
/usr/convex/getsysinfo = unknown
/usr/bin/hostinfo      = unknown
/bin/machine           = unknown
/usr/bin/oslevel       = unknown
/bin/universe          = unknown

PATH: /usr/local/sbin
PATH: /usr/local/bin
PATH: /usr/sbin
PATH: /usr/bin
PATH: /sbin
PATH: /bin
PATH: /usr/games
PATH: /usr/local/games


## ----------- ##
## Core tests. ##
## ----------- ##

configure:2404: checking for a BSD-compatible install
configure:2472: result: /usr/bin/install -c
configure:2483: checking whether build environment is sane
configure:2538: result: yes
configure:2576: WARNING: 'missing' script is too old or missing
configure:2689: checking for a thread-safe mkdir -p
configure:2728: result: /bin/mkdir -p
configure:2735: checking for gawk
configure:2751: found /usr/bin/gawk
configure:2762: result: gawk
configure:2773: checking whether make sets $(MAKE)
configure:2795: result: yes
configure:2824: checking whether make supports nested variables
configure:2841: result: yes
configure:3024: checking for g++
configure:3040: found /usr/bin/g++
configure:3051: result: g++
configure:3078: checking for C++ compiler version
configure:3087: g++ --version >&5
g++ (Ubuntu 4.8.2-19ubuntu1) 4.8.2
Copyright (C) 2013 Free Software Foundation, Inc.
This is free software; see the source for copying conditions.  There is NO
warranty; not even for MERCHANTABILITY or FITNESS FOR A PARTICULAR PURPOSE.

configure:3098: $? = 0
configure:3087: g++ -v >&5
Using built-in specs.
COLLECT_GCC=g++
COLLECT_LTO_WRAPPER=/usr/lib/gcc/x86_64-linux-gnu/4.8/lto-wrapper
Target: x86_64-linux-gnu
Configured with: ../src/configure -v --with-pkgversion='Ubuntu 4.8.2-19ubuntu1' --with-bugurl=file:///usr/share/doc/gcc-4.8/README.Bugs --enable-languages=c,c++,java,go,d,fortran,objc,obj-c++ --prefix=/usr --program-suffix=-4.8 --enable-shared --enable-linker-build-id --libexecdir=/usr/lib --without-included-gettext --enable-threads=posix --with-gxx-include-dir=/usr/include/c++/4.8 --libdir=/usr/lib --enable-nls --with-sysroot=/ --enable-clocale=gnu --enable-libstdcxx-debug --enable-libstdcxx-time=yes --enable-gnu-unique-object --disable-libmudflap --enable-plugin --with-system-zlib --disable-browser-plugin --enable-java-awt=gtk --enable-gtk-cairo --with-java-home=/usr/lib/jvm/java-1.5.0-gcj-4.8-amd64/jre --enable-java-home --with-jvm-root-dir=/usr/lib/jvm/java-1.5.0-gcj-4.8-amd64 --with-jvm-jar-dir=/usr/lib/jvm-exports/java-1.5.0-gcj-4.8-amd64 --with-arch-directory=amd64 --with-ecj-jar=/usr/share/java/eclipse-ecj.jar --enable-objc-gc --enable-multiarch --disable-werror --with-arch-32=i686 --with-abi=m64 --with-multilib-list=m32,m64,mx32 --with-tune=generic --enable-checking=release --build=x86_64-linux-gnu --host=x86_64-linux-gnu --target=x86_64-linux-gnu
Thread model: posix
gcc version 4.8.2 (Ubuntu 4.8.2-19ubuntu1) 
configure:3098: $? = 0
configure:3087: g++ -V >&5
g++: error: unrecognized command line option '-V'
g++: fatal error: no input files
compilation terminated.
configure:3098: $? = 4
configure:3087: g++ -qversion >&5
g++: error: unrecognized command line option '-qversion'
g++: fatal error: no input files
compilation terminated.
configure:3098: $? = 4
configure:3118: checking whether the C++ compiler works
configure:3140: g++    conftest.cpp  >&5
configure:3144: $? = 0
configure:3192: result: yes
configure:3195: checking for C++ compiler default output file name
configure:3197: result: a.out
configure:3203: checking for suffix of executables
configure:3210: g++ -o conftest    conftest.cpp  >&5
configure:3214: $? = 0
configure:3236: result: 
configure:3258: checking whether we are cross compiling
configure:3266: g++ -o conftest    conftest.cpp  >&5
configure:3270: $? = 0
configure:3277: ./conftest
configure:3281: $? = 0
configure:3296: result: no
configure:3301: checking for suffix of object files
configure:3323: g++ -c   conftest.cpp >&5
configure:3327: $? = 0
configure:3348: result: o
configure:3352: checking whether we are using the GNU C++ compiler
configure:3371: g++ -c   conftest.cpp >&5
configure:3371: $? = 0
configure:3380: result: yes
configure:3389: checking whether g++ accepts -g
configure:3409: g++ -c -g  conftest.cpp >&5
configure:3409: $? = 0
configure:3450: result: yes
configure:3484: checking for style of include used by make
configure:3512: result: GNU
configure:3538: checking dependency style of g++
configure:3649: result: gcc3
configure:3712: checking for gcc
configure:3728: found /usr/bin/gcc
configure:3739: result: gcc
configure:3968: checking for C compiler version
configure:3977: gcc --version >&5
gcc (Ubuntu 4.8.2-19ubuntu1) 4.8.2
Copyright (C) 2013 Free Software Foundation, Inc.
This is free software; see the source for copying conditions.  There is NO
warranty; not even for MERCHANTABILITY or FITNESS FOR A PARTICULAR PURPOSE.

configure:3988: $? = 0
configure:3977: gcc -v >&5
Using built-in specs.
COLLECT_GCC=gcc
COLLECT_LTO_WRAPPER=/usr/lib/gcc/x86_64-linux-gnu/4.8/lto-wrapper
Target: x86_64-linux-gnu
Configured with: ../src/configure -v --with-pkgversion='Ubuntu 4.8.2-19ubuntu1' --with-bugurl=file:///usr/share/doc/gcc-4.8/README.Bugs --enable-languages=c,c++,java,go,d,fortran,objc,obj-c++ --prefix=/usr --program-suffix=-4.8 --enable-shared --enable-linker-build-id --libexecdir=/usr/lib --without-included-gettext --enable-threads=posix --with-gxx-include-dir=/usr/include/c++/4.8 --libdir=/usr/lib --enable-nls --with-sysroot=/ --enable-clocale=gnu --enable-libstdcxx-debug --enable-libstdcxx-time=yes --enable-gnu-unique-object --disable-libmudflap --enable-plugin --with-system-zlib --disable-browser-plugin --enable-java-awt=gtk --enable-gtk-cairo --with-java-home=/usr/lib/jvm/java-1.5.0-gcj-4.8-amd64/jre --enable-java-home --with-jvm-root-dir=/usr/lib/jvm/java-1.5.0-gcj-4.8-amd64 --with-jvm-jar-dir=/usr/lib/jvm-exports/java-1.5.0-gcj-4.8-amd64 --with-arch-directory=amd64 --with-ecj-jar=/usr/share/java/eclipse-ecj.jar --enable-objc-gc --enable-multiarch --disable-werror --with-arch-32=i686 --with-abi=m64 --with-multilib-list=m32,m64,mx32 --with-tune=generic --enable-checking=release --build=x86_64-linux-gnu --host=x86_64-linux-gnu --target=x86_64-linux-gnu
Thread model: posix
gcc version 4.8.2 (Ubuntu 4.8.2-19ubuntu1) 
configure:3988: $? = 0
configure:3977: gcc -V >&5
gcc: error: unrecognized command line option '-V'
gcc: fatal error: no input files
compilation terminated.
configure:3988: $? = 4
configure:3977: gcc -qversion >&5
gcc: error: unrecognized command line option '-qversion'
gcc: fatal error: no input files
compilation terminated.
configure:3988: $? = 4
configure:3992: checking whether we are using the GNU C compiler
configure:4011: gcc -c   conftest.c >&5
configure:4011: $? = 0
configure:4020: result: yes
configure:4029: checking whether gcc accepts -g
configure:4049: gcc -c -g  conftest.c >&5
configure:4049: $? = 0
configure:4090: result: yes
configure:4107: checking for gcc option to accept ISO C89
configure:4170: gcc  -c -g -O2  conftest.c >&5
configure:4170: $? = 0
configure:4183: result: none needed
configure:4208: checking whether gcc understands -c and -o together
configure:4230: gcc -c conftest.c -o conftest2.o
configure:4233: $? = 0
configure:4230: gcc -c conftest.c -o conftest2.o
configure:4233: $? = 0
configure:4245: result: yes
configure:4264: checking dependency style of gcc
configure:4375: result: gcc3
configure:4403: checking for sincos
configure:4403: gcc -o conftest -g -O2   conftest.c  >&5
conftest.c:34:6: warning: conflicting types for built-in function 'sincos' [enabled by default]
 char sincos ();
      ^
/tmp/ccNOlm9d.o: In function `main':
/media/hope/sda_Softwares/codes/aaron-soda-final/conftest.c:45: undefined reference to `sincos'
collect2: error: ld returned 1 exit status
configure:4403: $? = 1
configure: failed program was:
| /* confdefs.h */
| #define PACKAGE_NAME "SoDa"
| #define PACKAGE_TARNAME "soda"
| #define PACKAGE_VERSION "2.2"
| #define PACKAGE_STRING "SoDa 2.2"
| #define PACKAGE_BUGREPORT ""
| #define PACKAGE_URL ""
| #define PACKAGE "soda"
| #define VERSION "2.2"
| /* end confdefs.h.  */
| /* Define sincos to an innocuous variant, in case <limits.h> declares sincos.
|    For example, HP-UX 11i <limits.h> declares gettimeofday.  */
| #define sincos innocuous_sincos
| 
| /* System header to define __stub macros and hopefully few prototypes,
|     which can conflict with char sincos (); below.
|     Prefer <limits.h> to <assert.h> if __STDC__ is defined, since
|     <limits.h> exists even on freestanding compilers.  */
| 
| #ifdef __STDC__
| # include <limits.h>
| #else
| # include <assert.h>
| #endif
| 
| #undef sincos
| 
| /* Override any GCC internal prototype to avoid an error.
|    Use char because int might match the return type of a GCC
|    builtin and then its argument prototype would still apply.  */
| #ifdef __cplusplus
| extern "C"
| #endif
| char sincos ();
| /* The GNU C library defines this for functions which it implements
|     to always fail with ENOSYS.  Some functions are actually named
|     something starting with __ and the normal name is an alias.  */
| #if defined __stub_sincos || defined __stub___sincos
| choke me
| #endif
| 
| int
| main ()
| {
| return sincos ();
|   ;
|   return 0;
| }
configure:4403: result: no
configure:4413: checking for Pa_GetVersion in -lportaudio
configure:4438: gcc -o conftest -g -O2   conftest.c -lportaudio   >&5
configure:4438: $? = 0
configure:4447: result: yes
configure:4459: checking for snd_pcm_open in -lasound
configure:4484: gcc -o conftest -g -O2   conftest.c -lasound  -lportaudio  >&5
configure:4484: $? = 0
configure:4493: result: yes
configure:4507: checking for svnversion
configure:4525: found /usr/bin/svnversion
configure:4537: result: /usr/bin/svnversion
configure:4661: checking for doxygen
configure:4679: found /usr/bin/doxygen
configure:4691: result: /usr/bin/doxygen
configure:4767: checking for perl
configure:4785: found /usr/bin/perl
configure:4797: result: /usr/bin/perl
configure:5573: checking for latex
configure:5591: found /usr/bin/latex
configure:5603: result: /usr/bin/latex
configure:5679: checking for makeindex
configure:5697: found /usr/bin/makeindex
configure:5709: result: /usr/bin/makeindex
configure:5785: checking for dvips
configure:5803: found /usr/bin/dvips
configure:5815: result: /usr/bin/dvips
configure:5891: checking for egrep
configure:5909: found /bin/egrep
configure:5921: result: /bin/egrep
configure:6054: checking for pdflatex
configure:6072: found /usr/bin/pdflatex
configure:6084: result: /usr/bin/pdflatex
configure:6160: checking for makeindex
configure:6190: result: /usr/bin/makeindex
configure:6266: checking for egrep
configure:6296: result: /bin/egrep
configure:6395: checking if uhd is wanted
configure:6417: result: yes
configure:6442: checking for /usr/lib/libuhd.so
configure:6456: result: yes
configure:6465: checking for /usr/include/uhd/device.hpp
configure:6479: result: yes
configure:6517: checking how to run the C preprocessor
configure:6548: gcc -E  -I/usr/include -I/usr/include conftest.c
configure:6548: $? = 0
configure:6562: gcc -E  -I/usr/include -I/usr/include conftest.c
conftest.c:15:28: fatal error: ac_nonexistent.h: No such file or directory
 #include <ac_nonexistent.h>
                            ^
compilation terminated.
configure:6562: $? = 1
configure: failed program was:
| /* confdefs.h */
| #define PACKAGE_NAME "SoDa"
| #define PACKAGE_TARNAME "soda"
| #define PACKAGE_VERSION "2.2"
| #define PACKAGE_STRING "SoDa 2.2"
| #define PACKAGE_BUGREPORT ""
| #define PACKAGE_URL ""
| #define PACKAGE "soda"
| #define VERSION "2.2"
| #define HAVE_LIBPORTAUDIO 1
| #define HAVE_LIBASOUND 1
| #define SVN_VERSION "Unversioned directory"
| #define HAVE_UHD 1
| /* end confdefs.h.  */
| #include <ac_nonexistent.h>
configure:6587: result: gcc -E
configure:6607: gcc -E  -I/usr/include -I/usr/include conftest.c
configure:6607: $? = 0
configure:6621: gcc -E  -I/usr/include -I/usr/include conftest.c
conftest.c:15:28: fatal error: ac_nonexistent.h: No such file or directory
 #include <ac_nonexistent.h>
                            ^
compilation terminated.
configure:6621: $? = 1
configure: failed program was:
| /* confdefs.h */
| #define PACKAGE_NAME "SoDa"
| #define PACKAGE_TARNAME "soda"
| #define PACKAGE_VERSION "2.2"
| #define PACKAGE_STRING "SoDa 2.2"
| #define PACKAGE_BUGREPORT ""
| #define PACKAGE_URL ""
| #define PACKAGE "soda"
| #define VERSION "2.2"
| #define HAVE_LIBPORTAUDIO 1
| #define HAVE_LIBASOUND 1
| #define SVN_VERSION "Unversioned directory"
| #define HAVE_UHD 1
| /* end confdefs.h.  */
| #include <ac_nonexistent.h>
configure:6650: checking for grep that handles long lines and -e
configure:6708: result: /bin/grep
configure:6713: checking for egrep
configure:6775: result: /bin/grep -E
configure:6780: checking for ANSI C header files
configure:6800: gcc -c -g -O2  -I/usr/include -I/usr/include conftest.c >&5
configure:6800: $? = 0
configure:6873: gcc -o conftest -g -O2  -I/usr/include -I/usr/include  -L/usr/lib -L/usr/lib conftest.c -luhd -lasound -lportaudio  >&5
configure:6873: $? = 0
configure:6873: ./conftest
configure:6873: $? = 0
configure:6884: result: yes
configure:6897: checking for sys/types.h
configure:6897: gcc -c -g -O2  -I/usr/include -I/usr/include conftest.c >&5
configure:6897: $? = 0
configure:6897: result: yes
configure:6897: checking for sys/stat.h
configure:6897: gcc -c -g -O2  -I/usr/include -I/usr/include conftest.c >&5
configure:6897: $? = 0
configure:6897: result: yes
configure:6897: checking for stdlib.h
configure:6897: gcc -c -g -O2  -I/usr/include -I/usr/include conftest.c >&5
configure:6897: $? = 0
configure:6897: result: yes
configure:6897: checking for string.h
configure:6897: gcc -c -g -O2  -I/usr/include -I/usr/include conftest.c >&5
configure:6897: $? = 0
configure:6897: result: yes
configure:6897: checking for memory.h
configure:6897: gcc -c -g -O2  -I/usr/include -I/usr/include conftest.c >&5
configure:6897: $? = 0
configure:6897: result: yes
configure:6897: checking for strings.h
configure:6897: gcc -c -g -O2  -I/usr/include -I/usr/include conftest.c >&5
configure:6897: $? = 0
configure:6897: result: yes
configure:6897: checking for inttypes.h
configure:6897: gcc -c -g -O2  -I/usr/include -I/usr/include conftest.c >&5
configure:6897: $? = 0
configure:6897: result: yes
configure:6897: checking for stdint.h
configure:6897: gcc -c -g -O2  -I/usr/include -I/usr/include conftest.c >&5
configure:6897: $? = 0
configure:6897: result: yes
configure:6897: checking for unistd.h
configure:6897: gcc -c -g -O2  -I/usr/include -I/usr/include conftest.c >&5
configure:6897: $? = 0
configure:6897: result: yes
configure:6911: checking for library containing fftwf_malloc
configure:6942: gcc -o conftest -g -O2  -I/usr/include -I/usr/include  -L/usr/lib -L/usr/lib conftest.c -luhd -lasound -lportaudio  >&5
/tmp/ccpCKqfe.o: In function `main':
/media/hope/sda_Softwares/codes/aaron-soda-final/conftest.c:36: undefined reference to `fftwf_malloc'
collect2: error: ld returned 1 exit status
configure:6942: $? = 1
configure: failed program was:
| /* confdefs.h */
| #define PACKAGE_NAME "SoDa"
| #define PACKAGE_TARNAME "soda"
| #define PACKAGE_VERSION "2.2"
| #define PACKAGE_STRING "SoDa 2.2"
| #define PACKAGE_BUGREPORT ""
| #define PACKAGE_URL ""
| #define PACKAGE "soda"
| #define VERSION "2.2"
| #define HAVE_LIBPORTAUDIO 1
| #define HAVE_LIBASOUND 1
| #define SVN_VERSION "Unversioned directory"
| #define HAVE_UHD 1
| #define STDC_HEADERS 1
| #define HAVE_SYS_TYPES_H 1
| #define HAVE_SYS_STAT_H 1
| #define HAVE_STDLIB_H 1
| #define HAVE_STRING_H 1
| #define HAVE_MEMORY_H 1
| #define HAVE_STRINGS_H 1
| #define HAVE_INTTYPES_H 1
| #define HAVE_STDINT_H 1
| #define HAVE_UNISTD_H 1
| /* end confdefs.h.  */
| 
| /* Override any GCC internal prototype to avoid an error.
|    Use char because int might match the return type of a GCC
|    builtin and then its argument prototype would still apply.  */
| #ifdef __cplusplus
| extern "C"
| #endif
| char fftwf_malloc ();
| int
| main ()
| {
| return fftwf_malloc ();
|   ;
|   return 0;
| }
configure:6942: gcc -o conftest -g -O2  -I/usr/include -I/usr/include  -L/usr/lib -L/usr/lib conftest.c -lfftw3f  -luhd -lasound -lportaudio  >&5
configure:6942: $? = 0
configure:6959: result: -lfftw3f
configure:6971: checking fftw3.h usability
configure:6971: gcc -c -g -O2  -I/usr/include -I/usr/include conftest.c >&5
configure:6971: $? = 0
configure:6971: result: yes
configure:6971: checking fftw3.h presence
configure:6971: gcc -E  -I/usr/include -I/usr/include conftest.c
configure:6971: $? = 0
configure:6971: result: yes
configure:6971: checking for fftw3.h
configure:6971: result: yes
configure:7002: checking for library containing fftw_malloc
configure:7033: gcc -o conftest -g -O2  -I/usr/include -I/usr/include  -L/usr/lib -L/usr/lib conftest.c -lfftw3f -luhd -lasound -lportaudio  >&5
/tmp/ccOJXxRe.o: In function `main':
/media/hope/sda_Softwares/codes/aaron-soda-final/conftest.c:37: undefined reference to `fftw_malloc'
collect2: error: ld returned 1 exit status
configure:7033: $? = 1
configure: failed program was:
| /* confdefs.h */
| #define PACKAGE_NAME "SoDa"
| #define PACKAGE_TARNAME "soda"
| #define PACKAGE_VERSION "2.2"
| #define PACKAGE_STRING "SoDa 2.2"
| #define PACKAGE_BUGREPORT ""
| #define PACKAGE_URL ""
| #define PACKAGE "soda"
| #define VERSION "2.2"
| #define HAVE_LIBPORTAUDIO 1
| #define HAVE_LIBASOUND 1
| #define SVN_VERSION "Unversioned directory"
| #define HAVE_UHD 1
| #define STDC_HEADERS 1
| #define HAVE_SYS_TYPES_H 1
| #define HAVE_SYS_STAT_H 1
| #define HAVE_STDLIB_H 1
| #define HAVE_STRING_H 1
| #define HAVE_MEMORY_H 1
| #define HAVE_STRINGS_H 1
| #define HAVE_INTTYPES_H 1
| #define HAVE_STDINT_H 1
| #define HAVE_UNISTD_H 1
| #define HAVE_FFTW3_H 1
| /* end confdefs.h.  */
| 
| /* Override any GCC internal prototype to avoid an error.
|    Use char because int might match the return type of a GCC
|    builtin and then its argument prototype would still apply.  */
| #ifdef __cplusplus
| extern "C"
| #endif
| char fftw_malloc ();
| int
| main ()
| {
| return fftw_malloc ();
|   ;
|   return 0;
| }
configure:7033: gcc -o conftest -g -O2  -I/usr/include -I/usr/include  -L/usr/lib -L/usr/lib conftest.c -lfftw3  -lfftw3f -luhd -lasound -lportaudio  >&5
configure:7033: $? = 0
configure:7050: result: -lfftw3
configure:7062: checking for fftw3.h
configure:7062: result: yes
configure:7143: checking for boostlib >= 1.33
configure:7212: g++ -c -g -O2  -I/usr/include -I/usr/include -I/usr/include conftest.cpp >&5
configure:7212: $? = 0
configure:7214: result: yes
configure:7391: checking whether the Boost::Date_Time library is available
configure:7415: g++ -c -g -O2  -I/usr/include -I/usr/include -I/usr/include conftest.cpp >&5
configure:7415: $? = 0
configure:7429: result: yes
configure:7440: checking for exit in -lboost_date_time
configure:7465: gcc -o conftest -g -O2  -I/usr/include -I/usr/include -I/usr/include  -L/usr/lib -L/usr/lib -L/usr/lib/x86_64-linux-gnu/ conftest.c -lboost_date_time  -lfftw3 -lfftw3f -luhd -lasound -lportaudio  >&5
conftest.c:36:6: warning: conflicting types for built-in function 'exit' [enabled by default]
 char exit ();
      ^
configure:7465: $? = 0
configure:7475: result: yes
configure:7619: checking whether the Boost::Program_Options library is available
configure:7643: g++ -c -g -O2  -I/usr/include -I/usr/include -I/usr/include conftest.cpp >&5
configure:7643: $? = 0
configure:7657: result: yes
configure:7668: checking for exit in -lboost_program_options
configure:7693: gcc -o conftest -g -O2  -I/usr/include -I/usr/include -I/usr/include  -L/usr/lib -L/usr/lib -L/usr/lib/x86_64-linux-gnu/ conftest.c -lboost_program_options  -lfftw3 -lfftw3f -luhd -lasound -lportaudio  >&5
conftest.c:37:6: warning: conflicting types for built-in function 'exit' [enabled by default]
 char exit ();
      ^
configure:7693: $? = 0
configure:7703: result: yes
configure:7818: checking build system type
configure:7832: result: x86_64-unknown-linux-gnu
configure:7884: checking whether the Boost::Thread library is available
configure:7916: g++ -c -pthread -g -O2  -I/usr/include -I/usr/include -I/usr/include conftest.cpp >&5
configure:7916: $? = 0
configure:7931: result: yes
configure:7960: checking for exit in -lboost_thread
configure:7985: gcc -o conftest -g -O2  -I/usr/include -I/usr/include -I/usr/include  -L/usr/lib -L/usr/lib -L/usr/lib/x86_64-linux-gnu/ conftest.c -lboost_thread  -lfftw3 -lfftw3f -luhd -lasound -lportaudio  >&5
conftest.c:38:6: warning: conflicting types for built-in function 'exit' [enabled by default]
 char exit ();
      ^
configure:7985: $? = 0
configure:7995: result: yes
configure:8154: checking whether the Boost::ASIO library is available
configure:8185: g++ -c -g -O2  -I/usr/include -I/usr/include -pthread -I/usr/include conftest.cpp >&5
configure:8185: $? = 0
configure:8199: result: yes
configure:8335: checking whether the Boost::System library is available
configure:8359: g++ -c -g -O2  -I/usr/include -I/usr/include -pthread -I/usr/include conftest.cpp >&5
configure:8359: $? = 0
configure:8374: result: yes
configure:8389: checking for exit in -lboost_system
configure:8414: gcc -o conftest -g -O2  -I/usr/include -I/usr/include -pthread -I/usr/include  -L/usr/lib -L/usr/lib -L/usr/lib/x86_64-linux-gnu/ conftest.c -lboost_system  -lfftw3 -lfftw3f -luhd -lasound -lportaudio  >&5
conftest.c:40:6: warning: conflicting types for built-in function 'exit' [enabled by default]
 char exit ();
      ^
configure:8414: $? = 0
configure:8424: result: yes
configure:8575: checking whether the Boost::Regex library is available
configure:8598: g++ -c -g -O2  -I/usr/include -I/usr/include -pthread -I/usr/include conftest.cpp >&5
configure:8598: $? = 0
configure:8612: result: yes
configure:8623: checking for exit in -lboost_regex
configure:8648: gcc -o conftest -g -O2  -I/usr/include -I/usr/include -pthread -I/usr/include  -L/usr/lib -L/usr/lib -L/usr/lib/x86_64-linux-gnu/ conftest.c -lboost_regex  -lfftw3 -lfftw3f -luhd -lasound -lportaudio  >&5
conftest.c:41:6: warning: conflicting types for built-in function 'exit' [enabled by default]
 char exit ();
      ^
configure:8648: $? = 0
configure:8658: result: yes
configure:8806: checking whether the Boost::Filesystem library is available
configure:8830: g++ -c -g -O2  -I/usr/include -I/usr/include -pthread -I/usr/include conftest.cpp >&5
configure:8830: $? = 0
configure:8844: result: yes
configure:8855: checking for exit in -lboost_filesystem
configure:8880: gcc -o conftest -g -O2  -I/usr/include -I/usr/include -pthread -I/usr/include  -L/usr/lib -L/usr/lib -L/usr/lib/x86_64-linux-gnu/ conftest.c -lboost_filesystem  -lfftw3 -lfftw3f -luhd -lasound -lportaudio  -lboost_system >&5
conftest.c:42:6: warning: conflicting types for built-in function 'exit' [enabled by default]
 char exit ();
      ^
configure:8880: $? = 0
configure:8890: result: yes
configure:9035: WARNING: BOOST_CPPFLAGS -pthread -I/usr/include
configure:9043: checking whether the Boost::Serialization library is available
configure:9071: g++ -c -g -O2  -I/usr/include -I/usr/include -pthread -I/usr/include conftest.cpp >&5
configure:9071: $? = 0
configure:9085: result: yes
configure:9096: checking for exit in -lboost_serialization
configure:9121: gcc -o conftest -g -O2  -I/usr/include -I/usr/include -pthread -I/usr/include  -L/usr/lib -L/usr/lib -L/usr/lib/x86_64-linux-gnu/ conftest.c -lboost_serialization  -lfftw3 -lfftw3f -luhd -lasound -lportaudio  >&5
conftest.c:43:6: warning: conflicting types for built-in function 'exit' [enabled by default]
 char exit ();
      ^
configure:9121: $? = 0
configure:9131: result: yes
configure:9249: checking if uhd is wanted
configure:9271: result: yes
configure:9296: checking for /usr/lib/libuhd.so
configure:9310: result: yes
configure:9319: checking for /usr/include/uhd/device.hpp
configure:9333: result: yes
configure:9437: checking for wx-config
configure:9456: found /usr/bin/wx-config
configure:9469: result: /usr/bin/wx-config
configure:9484: checking for wxWidgets version >= 2.4.0
configure:9530: result: yes (version 3.0.0)
configure:9534: checking for wxWidgets static library
configure:9538: result: no
configure:9833: checking that generated files are newer than configure
configure:9839: result: done
configure:9910: creating ./config.status

## ---------------------- ##
## Running config.status. ##
## ---------------------- ##

This file was extended by SoDa config.status 2.2, which was
generated by GNU Autoconf 2.69.  Invocation command line was

  CONFIG_FILES    = 
  CONFIG_HEADERS  = 
  CONFIG_LINKS    = 
  CONFIG_COMMANDS = 
  $ ./config.status 

on hope-X9SCI-X9SCA

config.status:867: creating Makefile
config.status:867: creating src/Makefile
config.status:867: creating gui/Makefile
config.status:867: creating gui/adjust_GUI.sh
config.status:867: creating exp/Makefile
config.status:1039: executing depfiles commands

## ---------------- ##
## Cache variables. ##
## ---------------- ##

ac_cv_build=x86_64-unknown-linux-gnu
ac_cv_c_compiler_gnu=yes
ac_cv_cxx_compiler_gnu=yes
ac_cv_env_CCC_set=
ac_cv_env_CCC_value=
ac_cv_env_CC_set=
ac_cv_env_CC_value=
ac_cv_env_CFLAGS_set=
ac_cv_env_CFLAGS_value=
ac_cv_env_CPPFLAGS_set=
ac_cv_env_CPPFLAGS_value=
ac_cv_env_CPP_set=
ac_cv_env_CPP_value=
ac_cv_env_CXXFLAGS_set=
ac_cv_env_CXXFLAGS_value=
ac_cv_env_CXX_set=
ac_cv_env_CXX_value=
ac_cv_env_DOXYGEN_PAPER_SIZE_set=
ac_cv_env_DOXYGEN_PAPER_SIZE_value=
ac_cv_env_LDFLAGS_set=
ac_cv_env_LDFLAGS_value=
ac_cv_env_LIBS_set=
ac_cv_env_LIBS_value=
ac_cv_env_build_alias_set=
ac_cv_env_build_alias_value=
ac_cv_env_host_alias_set=
ac_cv_env_host_alias_value=
ac_cv_env_target_alias_set=
ac_cv_env_target_alias_value=
ac_cv_file__usr_include_uhd_device_hpp=yes
ac_cv_file__usr_lib_libuhd_so=yes
ac_cv_func_sincos=no
ac_cv_header_fftw3_h=yes
ac_cv_header_inttypes_h=yes
ac_cv_header_memory_h=yes
ac_cv_header_stdc=yes
ac_cv_header_stdint_h=yes
ac_cv_header_stdlib_h=yes
ac_cv_header_string_h=yes
ac_cv_header_strings_h=yes
ac_cv_header_sys_stat_h=yes
ac_cv_header_sys_types_h=yes
ac_cv_header_unistd_h=yes
ac_cv_lib_asound_snd_pcm_open=yes
ac_cv_lib_boost_date_time___exit=yes
ac_cv_lib_boost_filesystem___exit=yes
ac_cv_lib_boost_program_options___exit=yes
ac_cv_lib_boost_regex___exit=yes
ac_cv_lib_boost_serialization___exit=yes
ac_cv_lib_boost_system___exit=yes
ac_cv_lib_boost_thread___exit=yes
ac_cv_lib_portaudio_Pa_GetVersion=yes
ac_cv_objext=o
ac_cv_path_EGREP='/bin/grep -E'
ac_cv_path_GREP=/bin/grep
ac_cv_path_WX_CONFIG_PATH=/usr/bin/wx-config
ac_cv_path_ac_pt_DX_DOXYGEN=/usr/bin/doxygen
ac_cv_path_ac_pt_DX_DVIPS=/usr/bin/dvips
ac_cv_path_ac_pt_DX_EGREP=/bin/egrep
ac_cv_path_ac_pt_DX_LATEX=/usr/bin/latex
ac_cv_path_ac_pt_DX_MAKEINDEX=/usr/bin/makeindex
ac_cv_path_ac_pt_DX_PDFLATEX=/usr/bin/pdflatex
ac_cv_path_ac_pt_DX_PERL=/usr/bin/perl
ac_cv_path_install='/usr/bin/install -c'
ac_cv_path_mkdir=/bin/mkdir
ac_cv_path_svnversioncommand=/usr/bin/svnversion
ac_cv_prog_AWK=gawk
ac_cv_prog_CPP='gcc -E'
ac_cv_prog_ac_ct_CC=gcc
ac_cv_prog_ac_ct_CXX=g++
ac_cv_prog_cc_c89=
ac_cv_prog_cc_g=yes
ac_cv_prog_cxx_g=yes
ac_cv_prog_make_make_set=yes
ac_cv_search_fftw_malloc=-lfftw3
ac_cv_search_fftwf_malloc=-lfftw3f
am_cv_CC_dependencies_compiler_type=gcc3
am_cv_CXX_dependencies_compiler_type=gcc3
am_cv_make_support_nested_variables=yes
am_cv_prog_cc_c_o=yes
ax_cv_boost_asio=yes
ax_cv_boost_date_time=yes
ax_cv_boost_filesystem=yes
ax_cv_boost_program_options=yes
ax_cv_boost_regex=yes
ax_cv_boost_serialization=yes
ax_cv_boost_system=yes
ax_cv_boost_thread=yes
uhd_cv_libuhd=yes
uhd_cv_uhd_h=yes

## ----------------- ##
## Output variables. ##
## ----------------- ##

ACLOCAL='aclocal-1.14'
AMDEPBACKSLASH='\'
AMDEP_FALSE='#'
AMDEP_TRUE=''
AMTAR='$${TAR-tar}'
AM_BACKSLASH='\'
AM_DEFAULT_V='$(AM_DEFAULT_VERBOSITY)'
AM_DEFAULT_VERBOSITY='1'
AM_V='$(V)'
AUTOCONF='autoconf'
AUTOHEADER='autoheader'
AUTOMAKE='automake-1.14'
AWK='gawk'
BOOST_ASIO_LIB=''
BOOST_CPPFLAGS='-pthread -I/usr/include'
BOOST_DATE_TIME_LIB='-lboost_date_time'
BOOST_FILESYSTEM_LIB='-lboost_filesystem'
BOOST_LDFLAGS='-L/usr/lib/x86_64-linux-gnu/'
BOOST_PROGRAM_OPTIONS_LIB='-lboost_program_options'
BOOST_REGEX_LIB='-lboost_regex'
BOOST_SERIALIZATION_LIB='-lboost_serialization'
BOOST_SYSTEM_LIB='-lboost_system'
BOOST_THREAD_LIB='-lboost_thread'
CC='gcc'
CCDEPMODE='depmode=gcc3'
CFLAGS='-g -O2 -pthread'
CPP='gcc -E'
CPPFLAGS=' -I/usr/include -I/usr/include -I/usr/include -I/usr/include -I/usr/lib/x86_64-linux-gnu/wx/include/gtk2-unicode-3.0 -I/usr/include/wx-3.0 -D_FILE_OFFSET_BITS=64 -DWXUSINGDLL -D__WXGTK__'
CXX='g++'
CXXDEPMODE='depmode=gcc3'
CXXFLAGS='-g -O2 '
CYGPATH_W='echo'
DEFS='-DPACKAGE_NAME=\"SoDa\" -DPACKAGE_TARNAME=\"soda\" -DPACKAGE_VERSION=\"2.2\" -DPACKAGE_STRING=\"SoDa\ 2.2\" -DPACKAGE_BUGREPORT=\"\" -DPACKAGE_URL=\"\" -DPACKAGE=\"soda\" -DVERSION=\"2.2\" -DHAVE_LIBPORTAUDIO=1 -DHAVE_LIBASOUND=1 -DSVN_VERSION=\"Unversioned\ directory\" -DHAVE_UHD=1 -DSTDC_HEADERS=1 -DHAVE_SYS_TYPES_H=1 -DHAVE_SYS_STAT_H=1 -DHAVE_STDLIB_H=1 -DHAVE_STRING_H=1 -DHAVE_MEMORY_H=1 -DHAVE_STRINGS_H=1 -DHAVE_INTTYPES_H=1 -DHAVE_STDINT_H=1 -DHAVE_UNISTD_H=1 -DHAVE_FFTW3_H=1 -DHAVE_FFTW3_H=1 -DHAVE_BOOST=/\*\*/ -DHAVE_BOOST_DATE_TIME=/\*\*/ -DHAVE_BOOST_PROGRAM_OPTIONS=/\*\*/ -DHAVE_BOOST_THREAD=/\*\*/ -DHAVE_BOOST_ASIO=/\*\*/ -DHAVE_BOOST_SYSTEM=/\*\*/ -DHAVE_BOOST_REGEX=/\*\*/ -DHAVE_BOOST_FILESYSTEM=/\*\*/ -DHAVE_BOOST_SERIALIZATION=/\*\*/ -DHAVE_UHD=1'
DEPDIR='.deps'
DOXYGEN_PAPER_SIZE=''
DX_COND_chi_FALSE=''
DX_COND_chi_TRUE='#'
DX_COND_chm_FALSE=''
DX_COND_chm_TRUE='#'
DX_COND_doc_FALSE='#'
DX_COND_doc_TRUE=''
DX_COND_dot_FALSE=''
DX_COND_dot_TRUE='#'
DX_COND_html_FALSE='#'
DX_COND_html_TRUE=''
DX_COND_latex_FALSE='#'
DX_COND_latex_TRUE=''
DX_COND_man_FALSE=''
DX_COND_man_TRUE='#'
DX_COND_pdf_FALSE='#'
DX_COND_pdf_TRUE=''
DX_COND_ps_FALSE='#'
DX_COND_ps_TRUE=''
DX_COND_rtf_FALSE=''
DX_COND_rtf_TRUE='#'
DX_COND_xml_FALSE=''
DX_COND_xml_TRUE='#'
DX_CONFIG='Doxyfile'
DX_DOCDIR='doc'
DX_DOT=''
DX_DOXYGEN='/usr/bin/doxygen'
DX_DVIPS='/usr/bin/dvips'
DX_EGREP='/bin/egrep'
DX_ENV=' SRCDIR='\''.'\'' PROJECT='\''SoDa'\'' DOCDIR='\''doc'\'' VERSION='\''2.2'\'' PERL_PATH='\''/usr/bin/perl'\'' HAVE_DOT='\''NO'\'' GENERATE_MAN='\''NO'\'' GENERATE_RTF='\''NO'\'' GENERATE_XML='\''NO'\'' GENERATE_HTMLHELP='\''NO'\'' GENERATE_CHI='\''NO'\'' GENERATE_HTML='\''YES'\'' GENERATE_LATEX='\''YES'\'''
DX_FLAG_chi='0'
DX_FLAG_chm='0'
DX_FLAG_doc='1'
DX_FLAG_dot='0'
DX_FLAG_html='1'
DX_FLAG_man='0'
DX_FLAG_pdf='1'
DX_FLAG_ps='1'
DX_FLAG_rtf='0'
DX_FLAG_xml='0'
DX_HHC=''
DX_LATEX='/usr/bin/latex'
DX_MAKEINDEX='/usr/bin/makeindex'
DX_PDFLATEX='/usr/bin/pdflatex'
DX_PERL='/usr/bin/perl'
DX_PROJECT='SoDa'
ECHO_C=''
ECHO_N='-n'
ECHO_T=''
EGREP='/bin/grep -E'
EXEEXT=''
GREP='/bin/grep'
INSTALL_DATA='${INSTALL} -m 644'
INSTALL_PROGRAM='${INSTALL}'
INSTALL_SCRIPT='${INSTALL}'
INSTALL_STRIP_PROGRAM='$(install_sh) -c -s'
LDFLAGS=' -L/usr/lib -L/usr/lib -L/usr/lib -L/usr/lib'
LIBOBJS=''
LIBS='-luhd -lfftw3 -lfftw3f -luhd -lasound -lportaudio  -L/usr/lib/x86_64-linux-gnu -pthread   -lwx_gtk2u_xrc-3.0 -lwx_gtk2u_html-3.0 -lwx_gtk2u_qa-3.0 -lwx_gtk2u_adv-3.0 -lwx_gtk2u_core-3.0 -lwx_baseu_xml-3.0 -lwx_baseu_net-3.0 -lwx_baseu-3.0 '
LTLIBOBJS=''
MAKEINFO='makeinfo'
MKDIR_P='/bin/mkdir -p'
OBJEXT='o'
PACKAGE='soda'
PACKAGE_BUGREPORT=''
PACKAGE_NAME='SoDa'
PACKAGE_STRING='SoDa 2.2'
PACKAGE_TARNAME='soda'
PACKAGE_URL=''
PACKAGE_VERSION='2.2'
PATH_SEPARATOR=':'
SET_MAKE=''
SHELL='/bin/bash'
STRIP=''
VERSION='2.2'
WX_CFLAGS='-I/usr/lib/x86_64-linux-gnu/wx/include/gtk2-unicode-3.0 -I/usr/include/wx-3.0 -D_FILE_OFFSET_BITS=64 -DWXUSINGDLL -D__WXGTK__ -pthread'
WX_CFLAGS_ONLY='-pthread'
WX_CONFIG_PATH='/usr/bin/wx-config'
WX_CPPFLAGS='-I/usr/lib/x86_64-linux-gnu/wx/include/gtk2-unicode-3.0 -I/usr/include/wx-3.0 -D_FILE_OFFSET_BITS=64 -DWXUSINGDLL -D__WXGTK__'
WX_CXXFLAGS='-I/usr/lib/x86_64-linux-gnu/wx/include/gtk2-unicode-3.0 -I/usr/include/wx-3.0 -D_FILE_OFFSET_BITS=64 -DWXUSINGDLL -D__WXGTK__ -pthread'
WX_CXXFLAGS_ONLY=''
WX_LIBS='-L/usr/lib/x86_64-linux-gnu -pthread   -lwx_gtk2u_xrc-3.0 -lwx_gtk2u_html-3.0 -lwx_gtk2u_qa-3.0 -lwx_gtk2u_adv-3.0 -lwx_gtk2u_core-3.0 -lwx_baseu_xml-3.0 -lwx_baseu_net-3.0 -lwx_baseu-3.0 '
WX_LIBS_STATIC=''
WX_RESCOMP=''
WX_VERSION='3.0.0'
WX_VERSION_MAJOR='3'
WX_VERSION_MICRO='0'
WX_VERSION_MINOR='0'
ac_ct_CC='gcc'
ac_ct_CXX='g++'
am__EXEEXT_FALSE=''
am__EXEEXT_TRUE='#'
am__fastdepCC_FALSE='#'
am__fastdepCC_TRUE=''
am__fastdepCXX_FALSE='#'
am__fastdepCXX_TRUE=''
am__include='include'
am__isrc=''
am__leading_dot='.'
am__nodep='_no'
am__quote=''
am__tar='$${TAR-tar} chof - "$$tardir"'
am__untar='$${TAR-tar} xf -'
bindir='${exec_prefix}/bin'
build='x86_64-unknown-linux-gnu'
build_alias=''
build_cpu='x86_64'
build_os='linux-gnu'
build_vendor='unknown'
datadir='${datarootdir}'
datarootdir='${prefix}/share'
docdir='${datarootdir}/doc/${PACKAGE_TARNAME}'
dvidir='${docdir}'
exec_prefix='${prefix}'
host_alias=''
htmldir='${docdir}'
includedir='${prefix}/include'
infodir='${datarootdir}/info'
install_sh='${SHELL} /media/hope/sda_Softwares/codes/aaron-soda-final/install-sh'
libdir='${exec_prefix}/lib'
libexecdir='${exec_prefix}/libexec'
localedir='${datarootdir}/locale'
localstatedir='${prefix}/var'
mandir='${datarootdir}/man'
mkdir_p='$(MKDIR_P)'
oldincludedir='/usr/include'
pdfdir='${docdir}'
prefix='/usr/local'
program_transform_name='s,x,x,'
psdir='${docdir}'
sbindir='${exec_prefix}/sbin'
sharedstatedir='${prefix}/com'
svnversioncommand='/usr/bin/svnversion'
sysconfdir='${prefix}/etc'
target_alias=''

## ----------- ##
## confdefs.h. ##
## ----------- ##

/* confdefs.h */
#define PACKAGE_NAME "SoDa"
#define PACKAGE_TARNAME "soda"
#define PACKAGE_VERSION "2.2"
#define PACKAGE_STRING "SoDa 2.2"
#define PACKAGE_BUGREPORT ""
#define PACKAGE_URL ""
#define PACKAGE "soda"
#define VERSION "2.2"
#define HAVE_LIBPORTAUDIO 1
#define HAVE_LIBASOUND 1
#define SVN_VERSION "Unversioned directory"
#define HAVE_UHD 1
#define STDC_HEADERS 1
#define HAVE_SYS_TYPES_H 1
#define HAVE_SYS_STAT_H 1
#define HAVE_STDLIB_H 1
#define HAVE_STRING_H 1
#define HAVE_MEMORY_H 1
#define HAVE_STRINGS_H 1
#define HAVE_INTTYPES_H 1
#define HAVE_STDINT_H 1
#define HAVE_UNISTD_H 1
#define HAVE_FFTW3_H 1
#define HAVE_FFTW3_H 1
#define HAVE_BOOST /**/
#define HAVE_BOOST_DATE_TIME /**/
#define HAVE_BOOST_PROGRAM_OPTIONS /**/
#define HAVE_BOOST_THREAD /**/
#define HAVE_BOOST_ASIO /**/
#define HAVE_BOOST_SYSTEM /**/
#define HAVE_BOOST_REGEX /**/
#define HAVE_BOOST_FILESYSTEM /**/
#define HAVE_BOOST_SERIALIZATION /**/
#define HAVE_UHD 1

configure: exit 0
